

*******************************************************************************
Sun Nov 10 14:45:36 2019


FIT:    data read from "terrestre_15.txt" u 1:2
        format = x:z
        #datapoints = 10
        residuals are weighted equally (unit weight)

function used for fitting: ax + b
fitted parameters initialized with current variable values



*******************************************************************************
Sun Nov 10 14:45:42 2019


FIT:    data read from "terrestre_15.txt" u 1:2
        format = x:z
        #datapoints = 10
        residuals are weighted equally (unit weight)

function used for fitting: a*x + b
fitted parameters initialized with current variable values

iter      chisq       delta/lim  lambda   a             b            
   0 1.9300611644e+01   0.00e+00  8.34e-01    1.000000e+00   1.000000e+00
   4 5.4042069394e-04  -2.33e-07  8.34e-05    3.266119e-01  -1.296129e-03

After 4 iterations the fit converged.
final sum of squares of residuals : 0.000540421
rel. change during last iteration : -2.32782e-12

degrees of freedom    (FIT_NDF)                        : 8
rms of residuals      (FIT_STDFIT) = sqrt(WSSR/ndf)    : 0.00821904
variance of residuals (reduced chisquare) = WSSR/ndf   : 6.75526e-05

Final set of parameters            Asymptotic Standard Error
=======================            ==========================
a               = 0.326612         +/- 0.009043     (2.769%)
b               = -0.00129613      +/- 0.00566      (436.7%)

correlation matrix of the fit parameters:
                a      b      
a               1.000 
b              -0.888  1.000 


*******************************************************************************
Sun Nov 10 14:57:47 2019


FIT:    data read from "terrestre_15.txt" u 1:2
        format = x:z
        #datapoints = 10
        residuals are weighted equally (unit weight)

function used for fitting: ax + b
fitted parameters initialized with current variable values



*******************************************************************************
Sun Nov 10 14:57:53 2019


FIT:    data read from "terrestre_15.txt" u 1:2
        format = x:z
        #datapoints = 10
        residuals are weighted equally (unit weight)

function used for fitting: a*x + b
fitted parameters initialized with current variable values

iter      chisq       delta/lim  lambda   a             b            
   0 1.9300611644e+01   0.00e+00  8.34e-01    1.000000e+00   1.000000e+00
   4 5.4042069394e-04  -2.33e-07  8.34e-05    3.266119e-01  -1.296129e-03

After 4 iterations the fit converged.
final sum of squares of residuals : 0.000540421
rel. change during last iteration : -2.32782e-12

degrees of freedom    (FIT_NDF)                        : 8
rms of residuals      (FIT_STDFIT) = sqrt(WSSR/ndf)    : 0.00821904
variance of residuals (reduced chisquare) = WSSR/ndf   : 6.75526e-05

Final set of parameters            Asymptotic Standard Error
=======================            ==========================
a               = 0.326612         +/- 0.009043     (2.769%)
b               = -0.00129613      +/- 0.00566      (436.7%)

correlation matrix of the fit parameters:
                a      b      
a               1.000 
b              -0.888  1.000 


*******************************************************************************
Sun Nov 10 15:00:42 2019


FIT:    data read from "terrestre_15.txt" u 1:2
        format = x:z
        #datapoints = 10
        residuals are weighted equally (unit weight)

function used for fitting: a*x + b
fitted parameters initialized with current variable values

iter      chisq       delta/lim  lambda   a             b            
   0 1.9300611644e+01   0.00e+00  8.34e-01    1.000000e+00   1.000000e+00
   4 5.4042069394e-04  -2.33e-07  8.34e-05    3.266119e-01  -1.296129e-03

After 4 iterations the fit converged.
final sum of squares of residuals : 0.000540421
rel. change during last iteration : -2.32782e-12

degrees of freedom    (FIT_NDF)                        : 8
rms of residuals      (FIT_STDFIT) = sqrt(WSSR/ndf)    : 0.00821904
variance of residuals (reduced chisquare) = WSSR/ndf   : 6.75526e-05

Final set of parameters            Asymptotic Standard Error
=======================            ==========================
a               = 0.326612         +/- 0.009043     (2.769%)
b               = -0.00129613      +/- 0.00566      (436.7%)

correlation matrix of the fit parameters:
                a      b      
a               1.000 
b              -0.888  1.000 


*******************************************************************************
Sun Nov 10 15:09:07 2019


FIT:    data read from "terrestre_15.txt" u 1:2
        format = x:z
        #datapoints = 10
        residuals are weighted equally (unit weight)

function used for fitting: a*x + b
fitted parameters initialized with current variable values

iter      chisq       delta/lim  lambda   a             b            
   0 5.4042069394e-04   0.00e+00  1.45e-01    3.266119e-01  -1.296129e-03
   1 5.4042069394e-04  -1.40e-10  1.45e-02    3.266119e-01  -1.296129e-03

After 1 iterations the fit converged.
final sum of squares of residuals : 0.000540421
rel. change during last iteration : -1.40435e-15

degrees of freedom    (FIT_NDF)                        : 8
rms of residuals      (FIT_STDFIT) = sqrt(WSSR/ndf)    : 0.00821904
variance of residuals (reduced chisquare) = WSSR/ndf   : 6.75526e-05

Final set of parameters            Asymptotic Standard Error
=======================            ==========================
a               = 0.326612         +/- 0.009043     (2.769%)
b               = -0.00129613      +/- 0.00566      (436.7%)

correlation matrix of the fit parameters:
                a      b      
a               1.000 
b              -0.888  1.000 


*******************************************************************************
Sun Nov 10 15:11:36 2019


FIT:    data read from "terrestre_15.txt" u 1:2
        format = x:z
        #datapoints = 10
        residuals are weighted equally (unit weight)

function used for fitting: a*x + b
fitted parameters initialized with current variable values

iter      chisq       delta/lim  lambda   a             b            
   0 1.9300611644e+01   0.00e+00  8.34e-01    1.000000e+00   1.000000e+00
   4 5.4042069394e-04  -2.33e-07  8.34e-05    3.266119e-01  -1.296129e-03

After 4 iterations the fit converged.
final sum of squares of residuals : 0.000540421
rel. change during last iteration : -2.32782e-12

degrees of freedom    (FIT_NDF)                        : 8
rms of residuals      (FIT_STDFIT) = sqrt(WSSR/ndf)    : 0.00821904
variance of residuals (reduced chisquare) = WSSR/ndf   : 6.75526e-05

Final set of parameters            Asymptotic Standard Error
=======================            ==========================
a               = 0.326612         +/- 0.009043     (2.769%)
b               = -0.00129613      +/- 0.00566      (436.7%)

correlation matrix of the fit parameters:
                a      b      
a               1.000 
b              -0.888  1.000 


*******************************************************************************
Sun Nov 10 15:15:15 2019


FIT:    data read from "terrestre_15.txt" u 1:2
        format = x:z
        x range restricted to [0.00000 : 1.00000]
        #datapoints = 10
        residuals are weighted equally (unit weight)

function used for fitting: a*x + b
fitted parameters initialized with current variable values

iter      chisq       delta/lim  lambda   a             b            
   0 1.9300611644e+01   0.00e+00  8.34e-01    1.000000e+00   1.000000e+00
   4 5.4042069394e-04  -2.33e-07  8.34e-05    3.266119e-01  -1.296129e-03

After 4 iterations the fit converged.
final sum of squares of residuals : 0.000540421
rel. change during last iteration : -2.32782e-12

degrees of freedom    (FIT_NDF)                        : 8
rms of residuals      (FIT_STDFIT) = sqrt(WSSR/ndf)    : 0.00821904
variance of residuals (reduced chisquare) = WSSR/ndf   : 6.75526e-05

Final set of parameters            Asymptotic Standard Error
=======================            ==========================
a               = 0.326612         +/- 0.009043     (2.769%)
b               = -0.00129613      +/- 0.00566      (436.7%)

correlation matrix of the fit parameters:
                a      b      
a               1.000 
b              -0.888  1.000 


*******************************************************************************
Sun Nov 10 15:17:54 2019


FIT:    data read from "terrestre_15.txt" u 1:2
        format = x:z
        x range restricted to [0.00000 : 1.00000]
        #datapoints = 10
        residuals are weighted equally (unit weight)

function used for fitting: a*x + b
fitted parameters initialized with current variable values

iter      chisq       delta/lim  lambda   a             b            
   0 1.9300611644e+01   0.00e+00  8.34e-01    1.000000e+00   1.000000e+00
   4 5.4042069394e-04  -2.33e-07  8.34e-05    3.266119e-01  -1.296129e-03

After 4 iterations the fit converged.
final sum of squares of residuals : 0.000540421
rel. change during last iteration : -2.32782e-12

degrees of freedom    (FIT_NDF)                        : 8
rms of residuals      (FIT_STDFIT) = sqrt(WSSR/ndf)    : 0.00821904
variance of residuals (reduced chisquare) = WSSR/ndf   : 6.75526e-05

Final set of parameters            Asymptotic Standard Error
=======================            ==========================
a               = 0.326612         +/- 0.009043     (2.769%)
b               = -0.00129613      +/- 0.00566      (436.7%)

correlation matrix of the fit parameters:
                a      b      
a               1.000 
b              -0.888  1.000 


*******************************************************************************
Sun Nov 10 15:21:41 2019


FIT:    data read from "terrestre_10.txt" u 1:2
        format = x:z
        x range restricted to [0.00000 : 1.00000]
        #datapoints = 10
        residuals are weighted equally (unit weight)

function used for fitting: a*x + b
fitted parameters initialized with current variable values

iter      chisq       delta/lim  lambda   a             b            
   0 2.0114301416e+01   0.00e+00  8.42e-01    1.000000e+00   1.000000e+00
   4 1.5869534643e-03  -1.39e-08  8.42e-05    3.411807e-01  -1.997299e-02

After 4 iterations the fit converged.
final sum of squares of residuals : 0.00158695
rel. change during last iteration : -1.39099e-13

degrees of freedom    (FIT_NDF)                        : 8
rms of residuals      (FIT_STDFIT) = sqrt(WSSR/ndf)    : 0.0140844
variance of residuals (reduced chisquare) = WSSR/ndf   : 0.000198369

Final set of parameters            Asymptotic Standard Error
=======================            ==========================
a               = 0.341181         +/- 0.01628      (4.773%)
b               = -0.019973        +/- 0.01055      (52.8%)

correlation matrix of the fit parameters:
                a      b      
a               1.000 
b              -0.906  1.000 


*******************************************************************************
Sun Nov 10 15:23:47 2019


FIT:    data read from "terrestre_5.txt" u 1:2
        format = x:z
        x range restricted to [0.00000 : 1.00000]
        #datapoints = 10
        residuals are weighted equally (unit weight)

function used for fitting: a*x + b
fitted parameters initialized with current variable values

iter      chisq       delta/lim  lambda   a             b            
   0 3.0185119715e-03   0.00e+00  1.24e-01    3.411807e-01  -1.997299e-02
   4 7.3695959188e-04  -7.56e-03  1.24e-05    3.331001e-01  -1.310476e-03

After 4 iterations the fit converged.
final sum of squares of residuals : 0.00073696
rel. change during last iteration : -7.55557e-08

degrees of freedom    (FIT_NDF)                        : 8
rms of residuals      (FIT_STDFIT) = sqrt(WSSR/ndf)    : 0.00959791
variance of residuals (reduced chisquare) = WSSR/ndf   : 9.21199e-05

Final set of parameters            Asymptotic Standard Error
=======================            ==========================
a               = 0.3331           +/- 0.01296      (3.891%)
b               = -0.00131048      +/- 0.006633     (506.2%)

correlation matrix of the fit parameters:
                a      b      
a               1.000 
b              -0.889  1.000 


*******************************************************************************
Sun Nov 10 15:27:14 2019


FIT:    data read from "terrestre_5.txt" u 1:2
        format = x:z
        x range restricted to [0.00000 : 0.800000]
        #datapoints = 10
        residuals are weighted equally (unit weight)

function used for fitting: a*x + b
fitted parameters initialized with current variable values

iter      chisq       delta/lim  lambda   a             b            
   0 1.7268297575e+01   0.00e+00  7.94e-01    1.000000e+00   1.000000e+00
   4 7.3695959188e-04  -2.28e-06  7.94e-05    3.331001e-01  -1.310476e-03

After 4 iterations the fit converged.
final sum of squares of residuals : 0.00073696
rel. change during last iteration : -2.28398e-11

degrees of freedom    (FIT_NDF)                        : 8
rms of residuals      (FIT_STDFIT) = sqrt(WSSR/ndf)    : 0.00959791
variance of residuals (reduced chisquare) = WSSR/ndf   : 9.21199e-05

Final set of parameters            Asymptotic Standard Error
=======================            ==========================
a               = 0.3331           +/- 0.01296      (3.891%)
b               = -0.00131048      +/- 0.006633     (506.2%)

correlation matrix of the fit parameters:
                a      b      
a               1.000 
b              -0.889  1.000 
